INFO - 2024-06-04 00:00:06 --> Session: Class initialized using 'CodeIgniter\Session\Handlers\FileHandler' driver.
INFO - 2024-06-04 00:02:17 --> Session: Class initialized using 'CodeIgniter\Session\Handlers\FileHandler' driver.
INFO - 2024-06-04 00:06:26 --> Session: Class initialized using 'CodeIgniter\Session\Handlers\FileHandler' driver.
INFO - 2024-06-04 00:07:12 --> Session: Class initialized using 'CodeIgniter\Session\Handlers\FileHandler' driver.
INFO - 2024-06-04 00:11:15 --> Session: Class initialized using 'CodeIgniter\Session\Handlers\FileHandler' driver.
INFO - 2024-06-04 00:11:38 --> Session: Class initialized using 'CodeIgniter\Session\Handlers\FileHandler' driver.
INFO - 2024-06-04 00:12:02 --> Session: Class initialized using 'CodeIgniter\Session\Handlers\FileHandler' driver.
INFO - 2024-06-04 00:12:19 --> Session: Class initialized using 'CodeIgniter\Session\Handlers\FileHandler' driver.
INFO - 2024-06-04 00:13:05 --> Session: Class initialized using 'CodeIgniter\Session\Handlers\FileHandler' driver.
CRITICAL - 2024-06-04 00:13:05 --> Undefined variable $categorias
in APPPATH\Views\paginas_administrador\cargar_productos.php on line 41.
 1 APPPATH\Views\paginas_administrador\cargar_productos.php(41): CodeIgniter\Debug\Exceptions->errorHandler(2, 'Undefined variable $categorias', 'APPPATH\\Views\\paginas_administrador\\cargar_productos.php', 41)
 2 SYSTEMPATH\View\View.php(213): include('APPPATH\\Views\\paginas_administrador\\cargar_productos.php')
 3 SYSTEMPATH\View\View.php(216): CodeIgniter\View\View->CodeIgniter\View\{closure}()
 4 SYSTEMPATH\Common.php(1184): CodeIgniter\View\View->render('paginas_administrador/cargar_productos', [], true)
 5 APPPATH\Controllers\Producto_controller.php(97): view('paginas_administrador/cargar_productos')
 6 SYSTEMPATH\CodeIgniter.php(934): App\Controllers\Producto_controller->registrar_producto()
 7 SYSTEMPATH\CodeIgniter.php(499): CodeIgniter\CodeIgniter->runController(Object(App\Controllers\Producto_controller))
 8 SYSTEMPATH\CodeIgniter.php(368): CodeIgniter\CodeIgniter->handleRequest(null, Object(Config\Cache), false)
 9 FCPATH\index.php(67): CodeIgniter\CodeIgniter->run()
INFO - 2024-06-04 00:24:47 --> Session: Class initialized using 'CodeIgniter\Session\Handlers\FileHandler' driver.
INFO - 2024-06-04 00:24:49 --> Session: Class initialized using 'CodeIgniter\Session\Handlers\FileHandler' driver.
INFO - 2024-06-04 00:25:18 --> Session: Class initialized using 'CodeIgniter\Session\Handlers\FileHandler' driver.
CRITICAL - 2024-06-04 00:25:18 --> Undefined variable $categorias
in APPPATH\Views\paginas_administrador\cargar_productos.php on line 41.
 1 APPPATH\Views\paginas_administrador\cargar_productos.php(41): CodeIgniter\Debug\Exceptions->errorHandler(2, 'Undefined variable $categorias', 'APPPATH\\Views\\paginas_administrador\\cargar_productos.php', 41)
 2 SYSTEMPATH\View\View.php(213): include('APPPATH\\Views\\paginas_administrador\\cargar_productos.php')
 3 SYSTEMPATH\View\View.php(216): CodeIgniter\View\View->CodeIgniter\View\{closure}()
 4 SYSTEMPATH\Common.php(1184): CodeIgniter\View\View->render('paginas_administrador/cargar_productos', [], true)
 5 APPPATH\Controllers\Producto_controller.php(100): view('paginas_administrador/cargar_productos')
 6 SYSTEMPATH\CodeIgniter.php(934): App\Controllers\Producto_controller->registrar_producto()
 7 SYSTEMPATH\CodeIgniter.php(499): CodeIgniter\CodeIgniter->runController(Object(App\Controllers\Producto_controller))
 8 SYSTEMPATH\CodeIgniter.php(368): CodeIgniter\CodeIgniter->handleRequest(null, Object(Config\Cache), false)
 9 FCPATH\index.php(67): CodeIgniter\CodeIgniter->run()
INFO - 2024-06-04 00:39:49 --> Session: Class initialized using 'CodeIgniter\Session\Handlers\FileHandler' driver.
INFO - 2024-06-04 00:39:49 --> Session: Class initialized using 'CodeIgniter\Session\Handlers\FileHandler' driver.
INFO - 2024-06-04 00:40:04 --> Session: Class initialized using 'CodeIgniter\Session\Handlers\FileHandler' driver.
CRITICAL - 2024-06-04 00:40:04 --> Undefined variable $categorias
in APPPATH\Views\paginas_administrador\cargar_productos.php on line 41.
 1 APPPATH\Views\paginas_administrador\cargar_productos.php(41): CodeIgniter\Debug\Exceptions->errorHandler(2, 'Undefined variable $categorias', 'APPPATH\\Views\\paginas_administrador\\cargar_productos.php', 41)
 2 SYSTEMPATH\View\View.php(213): include('APPPATH\\Views\\paginas_administrador\\cargar_productos.php')
 3 SYSTEMPATH\View\View.php(216): CodeIgniter\View\View->CodeIgniter\View\{closure}()
 4 SYSTEMPATH\Common.php(1184): CodeIgniter\View\View->render('paginas_administrador/cargar_productos', [], true)
 5 APPPATH\Controllers\Producto_controller.php(100): view('paginas_administrador/cargar_productos')
 6 SYSTEMPATH\CodeIgniter.php(934): App\Controllers\Producto_controller->registrar_producto()
 7 SYSTEMPATH\CodeIgniter.php(499): CodeIgniter\CodeIgniter->runController(Object(App\Controllers\Producto_controller))
 8 SYSTEMPATH\CodeIgniter.php(368): CodeIgniter\CodeIgniter->handleRequest(null, Object(Config\Cache), false)
 9 FCPATH\index.php(67): CodeIgniter\CodeIgniter->run()
INFO - 2024-06-04 01:58:18 --> Session: Class initialized using 'CodeIgniter\Session\Handlers\FileHandler' driver.
INFO - 2024-06-04 01:58:21 --> Session: Class initialized using 'CodeIgniter\Session\Handlers\FileHandler' driver.
INFO - 2024-06-04 01:58:54 --> Session: Class initialized using 'CodeIgniter\Session\Handlers\FileHandler' driver.
INFO - 2024-06-04 01:59:06 --> Session: Class initialized using 'CodeIgniter\Session\Handlers\FileHandler' driver.
INFO - 2024-06-04 01:59:18 --> Session: Class initialized using 'CodeIgniter\Session\Handlers\FileHandler' driver.
INFO - 2024-06-04 01:59:18 --> Session: Class initialized using 'CodeIgniter\Session\Handlers\FileHandler' driver.
INFO - 2024-06-04 02:04:16 --> Session: Class initialized using 'CodeIgniter\Session\Handlers\FileHandler' driver.
INFO - 2024-06-04 02:04:39 --> Session: Class initialized using 'CodeIgniter\Session\Handlers\FileHandler' driver.
INFO - 2024-06-04 02:05:06 --> Session: Class initialized using 'CodeIgniter\Session\Handlers\FileHandler' driver.
INFO - 2024-06-04 02:05:19 --> Session: Class initialized using 'CodeIgniter\Session\Handlers\FileHandler' driver.
INFO - 2024-06-04 02:05:24 --> Session: Class initialized using 'CodeIgniter\Session\Handlers\FileHandler' driver.
INFO - 2024-06-04 02:05:26 --> Session: Class initialized using 'CodeIgniter\Session\Handlers\FileHandler' driver.
INFO - 2024-06-04 02:05:44 --> Session: Class initialized using 'CodeIgniter\Session\Handlers\FileHandler' driver.
INFO - 2024-06-04 02:13:00 --> Session: Class initialized using 'CodeIgniter\Session\Handlers\FileHandler' driver.
INFO - 2024-06-04 02:13:01 --> Session: Class initialized using 'CodeIgniter\Session\Handlers\FileHandler' driver.
CRITICAL - 2024-06-04 02:13:01 --> Undefined array key "id_proveedor"
in APPPATH\Views\paginas_administrador\cargar_productos.php on line 80.
 1 APPPATH\Views\paginas_administrador\cargar_productos.php(80): CodeIgniter\Debug\Exceptions->errorHandler(2, 'Undefined array key "id_proveedor"', 'APPPATH\\Views\\paginas_administrador\\cargar_productos.php', 80)
 2 SYSTEMPATH\View\View.php(213): include('APPPATH\\Views\\paginas_administrador\\cargar_productos.php')
 3 SYSTEMPATH\View\View.php(216): CodeIgniter\View\View->CodeIgniter\View\{closure}()
 4 SYSTEMPATH\Common.php(1184): CodeIgniter\View\View->render('paginas_administrador/cargar_productos', [], true)
 5 APPPATH\Controllers\Producto_controller.php(25): view('paginas_administrador/cargar_productos', [...])
 6 SYSTEMPATH\CodeIgniter.php(934): App\Controllers\Producto_controller->cargar_productos()
 7 SYSTEMPATH\CodeIgniter.php(499): CodeIgniter\CodeIgniter->runController(Object(App\Controllers\Producto_controller))
 8 SYSTEMPATH\CodeIgniter.php(368): CodeIgniter\CodeIgniter->handleRequest(null, Object(Config\Cache), false)
 9 FCPATH\index.php(67): CodeIgniter\CodeIgniter->run()
INFO - 2024-06-04 02:13:01 --> Session: Class initialized using 'CodeIgniter\Session\Handlers\FileHandler' driver.
CRITICAL - 2024-06-04 02:13:01 --> Undefined array key "id_proveedor"
in APPPATH\Views\paginas_administrador\cargar_productos.php on line 80.
 1 APPPATH\Views\paginas_administrador\cargar_productos.php(80): CodeIgniter\Debug\Exceptions->errorHandler(2, 'Undefined array key "id_proveedor"', 'APPPATH\\Views\\paginas_administrador\\cargar_productos.php', 80)
 2 SYSTEMPATH\View\View.php(213): include('APPPATH\\Views\\paginas_administrador\\cargar_productos.php')
 3 SYSTEMPATH\View\View.php(216): CodeIgniter\View\View->CodeIgniter\View\{closure}()
 4 SYSTEMPATH\Common.php(1184): CodeIgniter\View\View->render('paginas_administrador/cargar_productos', [], true)
 5 APPPATH\Controllers\Producto_controller.php(25): view('paginas_administrador/cargar_productos', [...])
 6 SYSTEMPATH\CodeIgniter.php(934): App\Controllers\Producto_controller->cargar_productos()
 7 SYSTEMPATH\CodeIgniter.php(499): CodeIgniter\CodeIgniter->runController(Object(App\Controllers\Producto_controller))
 8 SYSTEMPATH\CodeIgniter.php(368): CodeIgniter\CodeIgniter->handleRequest(null, Object(Config\Cache), false)
 9 FCPATH\index.php(67): CodeIgniter\CodeIgniter->run()
INFO - 2024-06-04 02:15:35 --> Session: Class initialized using 'CodeIgniter\Session\Handlers\FileHandler' driver.
INFO - 2024-06-04 02:15:35 --> Session: Class initialized using 'CodeIgniter\Session\Handlers\FileHandler' driver.
CRITICAL - 2024-06-04 02:15:35 --> Undefined array key "id_proveedor"
in APPPATH\Views\paginas_administrador\cargar_productos.php on line 79.
 1 APPPATH\Views\paginas_administrador\cargar_productos.php(79): CodeIgniter\Debug\Exceptions->errorHandler(2, 'Undefined array key "id_proveedor"', 'APPPATH\\Views\\paginas_administrador\\cargar_productos.php', 79)
 2 SYSTEMPATH\View\View.php(213): include('APPPATH\\Views\\paginas_administrador\\cargar_productos.php')
 3 SYSTEMPATH\View\View.php(216): CodeIgniter\View\View->CodeIgniter\View\{closure}()
 4 SYSTEMPATH\Common.php(1184): CodeIgniter\View\View->render('paginas_administrador/cargar_productos', [], true)
 5 APPPATH\Controllers\Producto_controller.php(25): view('paginas_administrador/cargar_productos', [...])
 6 SYSTEMPATH\CodeIgniter.php(934): App\Controllers\Producto_controller->cargar_productos()
 7 SYSTEMPATH\CodeIgniter.php(499): CodeIgniter\CodeIgniter->runController(Object(App\Controllers\Producto_controller))
 8 SYSTEMPATH\CodeIgniter.php(368): CodeIgniter\CodeIgniter->handleRequest(null, Object(Config\Cache), false)
 9 FCPATH\index.php(67): CodeIgniter\CodeIgniter->run()
INFO - 2024-06-04 02:16:53 --> Session: Class initialized using 'CodeIgniter\Session\Handlers\FileHandler' driver.
ERROR - 2024-06-04 02:17:51 --> mysqli_sql_exception: Cannot add or update a child row: a foreign key constraint fails (`apple_store`.`producto`, CONSTRAINT `FK_producto_proveedor` FOREIGN KEY (`proveedor_producto`) REFERENCES `proveedor` (`id_proveedor`)) in C:\xampp\htdocs\proyecto_cardozo_carola\system\Database\MySQLi\Connection.php:295
Stack trace:
#0 C:\xampp\htdocs\proyecto_cardozo_carola\system\Database\MySQLi\Connection.php(295): mysqli->query('INSERT INTO `pr...', 0)
#1 C:\xampp\htdocs\proyecto_cardozo_carola\system\Database\BaseConnection.php(691): CodeIgniter\Database\MySQLi\Connection->execute('INSERT INTO `pr...')
#2 C:\xampp\htdocs\proyecto_cardozo_carola\system\Database\BaseConnection.php(605): CodeIgniter\Database\BaseConnection->simpleQuery('INSERT INTO `pr...')
#3 C:\xampp\htdocs\proyecto_cardozo_carola\system\Database\BaseBuilder.php(2309): CodeIgniter\Database\BaseConnection->query('INSERT INTO `pr...', Array, false)
#4 C:\xampp\htdocs\proyecto_cardozo_carola\system\Model.php(330): CodeIgniter\Database\BaseBuilder->insert()
#5 C:\xampp\htdocs\proyecto_cardozo_carola\system\BaseModel.php(782): CodeIgniter\Model->doInsert(Array)
#6 C:\xampp\htdocs\proyecto_cardozo_carola\system\Model.php(730): CodeIgniter\BaseModel->insert(Array, true)
#7 C:\xampp\htdocs\proyecto_cardozo_carola\app\Controllers\Producto_controller.php(90): CodeIgniter\Model->insert(Array)
#8 C:\xampp\htdocs\proyecto_cardozo_carola\system\CodeIgniter.php(934): App\Controllers\Producto_controller->registrar_producto()
#9 C:\xampp\htdocs\proyecto_cardozo_carola\system\CodeIgniter.php(499): CodeIgniter\CodeIgniter->runController(Object(App\Controllers\Producto_controller))
#10 C:\xampp\htdocs\proyecto_cardozo_carola\system\CodeIgniter.php(368): CodeIgniter\CodeIgniter->handleRequest(NULL, Object(Config\Cache), false)
#11 C:\xampp\htdocs\proyecto_cardozo_carola\index.php(67): CodeIgniter\CodeIgniter->run()
#12 {main}
CRITICAL - 2024-06-04 02:17:51 --> Cannot add or update a child row: a foreign key constraint fails (`apple_store`.`producto`, CONSTRAINT `FK_producto_proveedor` FOREIGN KEY (`proveedor_producto`) REFERENCES `proveedor` (`id_proveedor`))
in SYSTEMPATH\Database\BaseConnection.php on line 645.
 1 SYSTEMPATH\Database\BaseBuilder.php(2309): CodeIgniter\Database\BaseConnection->query('INSERT INTO `producto` (`nombre_producto`, `descripcion_producto`, `categoria_producto`, `precio_producto`, `cantidad_producto`, `proveedor_producto`) VALUES (:nombre_producto:, :descripcion_producto:, :categoria_producto:, :precio_producto:, :cantidad_producto:, :proveedor_producto:)', [...], false)
 2 SYSTEMPATH\Model.php(330): CodeIgniter\Database\BaseBuilder->insert()
 3 SYSTEMPATH\BaseModel.php(782): CodeIgniter\Model->doInsert([...])
 4 SYSTEMPATH\Model.php(730): CodeIgniter\BaseModel->insert([...], true)
 5 APPPATH\Controllers\Producto_controller.php(90): CodeIgniter\Model->insert([...])
 6 SYSTEMPATH\CodeIgniter.php(934): App\Controllers\Producto_controller->registrar_producto()
 7 SYSTEMPATH\CodeIgniter.php(499): CodeIgniter\CodeIgniter->runController(Object(App\Controllers\Producto_controller))
 8 SYSTEMPATH\CodeIgniter.php(368): CodeIgniter\CodeIgniter->handleRequest(null, Object(Config\Cache), false)
 9 FCPATH\index.php(67): CodeIgniter\CodeIgniter->run()
INFO - 2024-06-04 02:17:56 --> Session: Class initialized using 'CodeIgniter\Session\Handlers\FileHandler' driver.
INFO - 2024-06-04 02:18:18 --> Session: Class initialized using 'CodeIgniter\Session\Handlers\FileHandler' driver.
INFO - 2024-06-04 02:18:40 --> Session: Class initialized using 'CodeIgniter\Session\Handlers\FileHandler' driver.
INFO - 2024-06-04 02:18:41 --> Session: Class initialized using 'CodeIgniter\Session\Handlers\FileHandler' driver.
